<?xml version="1.0" encoding="UTF-8"?>
<testsuite xmlns:xsi="http://www.w3.org/2001/XMLSchema-instance" xsi:noNamespaceSchemaLocation="https://maven.apache.org/surefire/maven-surefire-plugin/xsd/surefire-test-report-3.0.xsd" version="3.0" name="com.onehealth.apigateway.OneHealthApiGatewayApplicationTests" time="18.819" tests="1" errors="0" skipped="0" failures="0">
  <properties>
[...]
</properties>
  <testcase name="contextLoads" classname="com.onehealth.apigateway.OneHealthApiGatewayApplicationTests" time="3.118">
    <system-out><![CDATA[
  .   ____          _            __ _ _
 /\\ / ___'_ __ _ _(_)_ __  __ _ \ \ \ \
( ( )\___ | '_ | '_| | '_ \/ _` | \ \ \ \
 \\/  ___)| |_)| | | | | || (_| |  ) ) ) )
  '  |____| .__|_| |_|_| |_\__, | / / / /
 =========|_|==============|___/=/_/_/_/
 :: Spring Boot ::                (v3.1.2)

2023-08-09T09:38:32.898+05:30  INFO 5756 --- [           main] .o.a.OneHealthApiGatewayApplicationTests : Starting OneHealthApiGatewayApplicationTests using Java 17.0.7 with PID 5756 (started by lenovo in E:\Desktop Content\OneHealth_BE\OneHealth-APIGateway)
2023-08-09T09:38:32.910+05:30  INFO 5756 --- [           main] .o.a.OneHealthApiGatewayApplicationTests : No active profile set, falling back to 1 default profile: "default"
2023-08-09T09:38:36.066+05:30  INFO 5756 --- [           main] o.s.cloud.context.scope.GenericScope     : BeanFactory id=96caa10f-60af-378c-aaaa-3379a9eca1dd
2023-08-09T09:38:36.321+05:30  INFO 5756 --- [           main] trationDelegate$BeanPostProcessorChecker : Bean 'org.springframework.cloud.client.loadbalancer.reactive.LoadBalancerBeanPostProcessorAutoConfiguration' of type [org.springframework.cloud.client.loadbalancer.reactive.LoadBalancerBeanPostProcessorAutoConfiguration] is not eligible for getting processed by all BeanPostProcessors (for example: not eligible for auto-proxying)
2023-08-09T09:38:36.325+05:30  INFO 5756 --- [           main] trationDelegate$BeanPostProcessorChecker : Bean 'org.springframework.cloud.client.loadbalancer.reactive.LoadBalancerBeanPostProcessorAutoConfiguration$ReactorDeferringLoadBalancerFilterConfig' of type [org.springframework.cloud.client.loadbalancer.reactive.LoadBalancerBeanPostProcessorAutoConfiguration$ReactorDeferringLoadBalancerFilterConfig] is not eligible for getting processed by all BeanPostProcessors (for example: not eligible for auto-proxying)
2023-08-09T09:38:36.327+05:30  INFO 5756 --- [           main] trationDelegate$BeanPostProcessorChecker : Bean 'reactorDeferringLoadBalancerExchangeFilterFunction' of type [org.springframework.cloud.client.loadbalancer.reactive.DeferringLoadBalancerExchangeFilterFunction] is not eligible for getting processed by all BeanPostProcessors (for example: not eligible for auto-proxying)
2023-08-09T09:38:36.352+05:30  INFO 5756 --- [           main] c.o.apigateway.config.RouteConfig        : ...28...
2023-08-09T09:38:38.910+05:30  INFO 5756 --- [           main] o.s.c.g.r.RouteDefinitionRouteLocator    : Loaded RoutePredicateFactory [After]
2023-08-09T09:38:38.911+05:30  INFO 5756 --- [           main] o.s.c.g.r.RouteDefinitionRouteLocator    : Loaded RoutePredicateFactory [Before]
2023-08-09T09:38:38.911+05:30  INFO 5756 --- [           main] o.s.c.g.r.RouteDefinitionRouteLocator    : Loaded RoutePredicateFactory [Between]
2023-08-09T09:38:38.911+05:30  INFO 5756 --- [           main] o.s.c.g.r.RouteDefinitionRouteLocator    : Loaded RoutePredicateFactory [Cookie]
2023-08-09T09:38:38.911+05:30  INFO 5756 --- [           main] o.s.c.g.r.RouteDefinitionRouteLocator    : Loaded RoutePredicateFactory [Header]
2023-08-09T09:38:38.911+05:30  INFO 5756 --- [           main] o.s.c.g.r.RouteDefinitionRouteLocator    : Loaded RoutePredicateFactory [Host]
2023-08-09T09:38:38.911+05:30  INFO 5756 --- [           main] o.s.c.g.r.RouteDefinitionRouteLocator    : Loaded RoutePredicateFactory [Method]
2023-08-09T09:38:38.911+05:30  INFO 5756 --- [           main] o.s.c.g.r.RouteDefinitionRouteLocator    : Loaded RoutePredicateFactory [Path]
2023-08-09T09:38:38.911+05:30  INFO 5756 --- [           main] o.s.c.g.r.RouteDefinitionRouteLocator    : Loaded RoutePredicateFactory [Query]
2023-08-09T09:38:38.911+05:30  INFO 5756 --- [           main] o.s.c.g.r.RouteDefinitionRouteLocator    : Loaded RoutePredicateFactory [ReadBody]
2023-08-09T09:38:38.912+05:30  INFO 5756 --- [           main] o.s.c.g.r.RouteDefinitionRouteLocator    : Loaded RoutePredicateFactory [RemoteAddr]
2023-08-09T09:38:38.912+05:30  INFO 5756 --- [           main] o.s.c.g.r.RouteDefinitionRouteLocator    : Loaded RoutePredicateFactory [XForwardedRemoteAddr]
2023-08-09T09:38:38.913+05:30  INFO 5756 --- [           main] o.s.c.g.r.RouteDefinitionRouteLocator    : Loaded RoutePredicateFactory [Weight]
2023-08-09T09:38:38.913+05:30  INFO 5756 --- [           main] o.s.c.g.r.RouteDefinitionRouteLocator    : Loaded RoutePredicateFactory [CloudFoundryRouteService]
2023-08-09T09:38:39.593+05:30  INFO 5756 --- [           main] DiscoveryClientOptionalArgsConfiguration : Eureka HTTP Client uses RestTemplate.
2023-08-09T09:38:40.162+05:30  WARN 5756 --- [           main] iguration$LoadBalancerCaffeineWarnLogger : Spring Cloud LoadBalancer is currently working with the default cache. While this cache implementation is useful for development and tests, it's recommended to use Caffeine cache in production.You can switch to using Caffeine cache, by adding it and org.springframework.cache.caffeine.CaffeineCacheManager to the classpath.
2023-08-09T09:38:40.243+05:30  INFO 5756 --- [           main] o.s.c.n.eureka.InstanceInfoFactory       : Setting initial instance status as: STARTING
2023-08-09T09:38:40.490+05:30  INFO 5756 --- [           main] com.netflix.discovery.DiscoveryClient    : Initializing Eureka in region us-east-1
2023-08-09T09:38:40.506+05:30  INFO 5756 --- [           main] c.n.d.s.r.aws.ConfigClusterResolver      : Resolving eureka endpoints via configuration
2023-08-09T09:38:40.590+05:30  INFO 5756 --- [           main] com.netflix.discovery.DiscoveryClient    : Disable delta property : false
2023-08-09T09:38:40.591+05:30  INFO 5756 --- [           main] com.netflix.discovery.DiscoveryClient    : Single vip registry refresh property : null
2023-08-09T09:38:40.591+05:30  INFO 5756 --- [           main] com.netflix.discovery.DiscoveryClient    : Force full registry fetch : false
2023-08-09T09:38:40.592+05:30  INFO 5756 --- [           main] com.netflix.discovery.DiscoveryClient    : Application is null : false
2023-08-09T09:38:40.593+05:30  INFO 5756 --- [           main] com.netflix.discovery.DiscoveryClient    : Registered Applications size is zero : true
2023-08-09T09:38:40.593+05:30  INFO 5756 --- [           main] com.netflix.discovery.DiscoveryClient    : Application version is -1: true
2023-08-09T09:38:40.593+05:30  INFO 5756 --- [           main] com.netflix.discovery.DiscoveryClient    : Getting all instance registry info from the eureka server
2023-08-09T09:38:45.368+05:30  INFO 5756 --- [           main] c.n.d.s.t.d.RedirectingEurekaHttpClient  : Request execution error. endpoint=DefaultEndpoint{ serviceUrl='https://serviceregistry-yjb28-dev.apps.sandbox-m4.g2pi.p1.openshiftapps.com/eureka/}, exception=503 Service Unavailable: "<html><EOL><EOL>  <head><EOL><EOL>    <meta name="viewport" content="width=device-width, initial-scale=1"><EOL><EOL><EOL><EOL>    <style type="text/css"><EOL><EOL>      body {<EOL><EOL>        font-family: "Helvetica Neue", Helvetica, Arial, sans-serif;<EOL><EOL>        line-height: 1.66666667;<EOL><EOL>        font-size: 16px;<EOL><EOL>        color: #333;<EOL><EOL>        background-color: #fff;<EOL><EOL>        margin: 2em 1em;<EOL><EOL>      }<EOL><EOL>      h1 {<EOL><EOL>        font-size: 28px;<EOL><EOL>        font-weight: 400;<EOL><EOL>      }<EOL><EOL>      p {<EOL><EOL>        margin: 0 0 10px;<EOL><EOL>      }<EOL><EOL>      .alert.alert-info {<EOL><EOL>        background-color: #F0F0F0;<EOL><EOL>        margin-top: 30px;<EOL><EOL>        padding: 30px;<EOL><EOL>      }<EOL><EOL>      .alert p {<EOL><EOL>        padding-left: 35px;<EOL><EOL>      }<EOL><EOL>      ul {<EOL><EOL>        padding-left: 51px;<EOL><EOL>        position: relative;<EOL><EOL>      }<EOL><EOL>      li {<EOL><EOL>        font-size: 14px;<EOL><EOL>        margin-bottom: 1em;<EOL><EOL>      }<EOL><EOL>      p.info {<EOL><EOL>        position: relative;<EOL><EOL>        font-size: 20px;<EOL><EOL>      }<EOL><EOL>      p.info:before, p.info:after {<EOL><EOL>        content: "";<EOL><EOL>        left: 0;<EOL><EOL>        position: absolute;<EOL><EOL>        top: 0;<EOL><EOL>      }<EOL><EOL>      p.info:before {<EOL><EOL>        background: #0066CC;<EOL><EOL>        border-radius: 16px;<EOL><EOL>        color: #fff;<EOL><EOL>        content: "i";<EOL><EOL>        font: bold 16px/24px serif;<EOL><EOL>        height: 24px;<EOL><EOL>        left: 0px;<EOL><EOL>        text-align: center;<EOL><EOL>        top: 4px;<EOL><EOL>        width: 24px;<EOL><EOL>      }<EOL><EOL><EOL><EOL>      @media (min-width: 768px) {<EOL><EOL>        body {<EOL><EOL>          margin: 6em;<EOL><EOL>        }<EOL><EOL>      }<EOL><EOL>    </style><EOL><EOL>  </head><EOL><EOL>  <body><EOL><EOL>    <div><EOL><EOL>      <h1>Application is not available</h1><EOL><EOL>      <p>The application is currently not serving requests at this endpoint. It may not have been started or is still starting.</p><EOL><EOL><EOL><EOL>      <div class="alert alert-info"><EOL><EOL>        <p class="info"><EOL><EOL>          Possible reasons you are seeing this page:<EOL><EOL>        </p><EOL><EOL>        <ul><EOL><EOL>          <li><EOL><EOL>            <strong>The host doesn't exist.</strong><EOL><EOL>            Make sure the hostname was typed correctly and that a route matching this hostname exists.<EOL><EOL>          </li><EOL><EOL>          <li><EOL><EOL>            <strong>The host exists, but doesn't have a matching path.</strong><EOL><EOL>            Check if the URL path was typed correctly and that the route was created using the desired path.<EOL><EOL>          </li><EOL><EOL>          <li><EOL><EOL>            <strong>Route and path matches, but all pods are down.</strong><EOL><EOL>            Make sure that the resources exposed by this route (pods, services, deployment configs, etc) have at least one pod running.<EOL><EOL>          </li><EOL><EOL>        </ul><EOL><EOL>      </div><EOL><EOL>    </div><EOL><EOL>  </body><EOL><EOL></html><EOL><EOL>" stacktrace=org.springframework.web.client.HttpServerErrorException$ServiceUnavailable: 503 Service Unavailable: "<html><EOL><EOL>  <head><EOL><EOL>    <meta name="viewport" content="width=device-width, initial-scale=1"><EOL><EOL><EOL><EOL>    <style type="text/css"><EOL><EOL>      body {<EOL><EOL>        font-family: "Helvetica Neue", Helvetica, Arial, sans-serif;<EOL><EOL>        line-height: 1.66666667;<EOL><EOL>        font-size: 16px;<EOL><EOL>        color: #333;<EOL><EOL>        background-color: #fff;<EOL><EOL>        margin: 2em 1em;<EOL><EOL>      }<EOL><EOL>      h1 {<EOL><EOL>        font-size: 28px;<EOL><EOL>        font-weight: 400;<EOL><EOL>      }<EOL><EOL>      p {<EOL><EOL>        margin: 0 0 10px;<EOL><EOL>      }<EOL><EOL>      .alert.alert-info {<EOL><EOL>        background-color: #F0F0F0;<EOL><EOL>        margin-top: 30px;<EOL><EOL>        padding: 30px;<EOL><EOL>      }<EOL><EOL>      .alert p {<EOL><EOL>        padding-left: 35px;<EOL><EOL>      }<EOL><EOL>      ul {<EOL><EOL>        padding-left: 51px;<EOL><EOL>        position: relative;<EOL><EOL>      }<EOL><EOL>      li {<EOL><EOL>        font-size: 14px;<EOL><EOL>        margin-bottom: 1em;<EOL><EOL>      }<EOL><EOL>      p.info {<EOL><EOL>        position: relative;<EOL><EOL>        font-size: 20px;<EOL><EOL>      }<EOL><EOL>      p.info:before, p.info:after {<EOL><EOL>        content: "";<EOL><EOL>        left: 0;<EOL><EOL>        position: absolute;<EOL><EOL>        top: 0;<EOL><EOL>      }<EOL><EOL>      p.info:before {<EOL><EOL>        background: #0066CC;<EOL><EOL>        border-radius: 16px;<EOL><EOL>        color: #fff;<EOL><EOL>        content: "i";<EOL><EOL>        font: bold 16px/24px serif;<EOL><EOL>        height: 24px;<EOL><EOL>        left: 0px;<EOL><EOL>        text-align: center;<EOL><EOL>        top: 4px;<EOL><EOL>        width: 24px;<EOL><EOL>      }<EOL><EOL><EOL><EOL>      @media (min-width: 768px) {<EOL><EOL>        body {<EOL><EOL>          margin: 6em;<EOL><EOL>        }<EOL><EOL>      }<EOL><EOL>    </style><EOL><EOL>  </head><EOL><EOL>  <body><EOL><EOL>    <div><EOL><EOL>      <h1>Application is not available</h1><EOL><EOL>      <p>The application is currently not serving requests at this endpoint. It may not have been started or is still starting.</p><EOL><EOL><EOL><EOL>      <div class="alert alert-info"><EOL><EOL>        <p class="info"><EOL><EOL>          Possible reasons you are seeing this page:<EOL><EOL>        </p><EOL><EOL>        <ul><EOL><EOL>          <li><EOL><EOL>            <strong>The host doesn't exist.</strong><EOL><EOL>            Make sure the hostname was typed correctly and that a route matching this hostname exists.<EOL><EOL>          </li><EOL><EOL>          <li><EOL><EOL>            <strong>The host exists, but doesn't have a matching path.</strong><EOL><EOL>            Check if the URL path was typed correctly and that the route was created using the desired path.<EOL><EOL>          </li><EOL><EOL>          <li><EOL><EOL>            <strong>Route and path matches, but all pods are down.</strong><EOL><EOL>            Make sure that the resources exposed by this route (pods, services, deployment configs, etc) have at least one pod running.<EOL><EOL>          </li><EOL><EOL>        </ul><EOL><EOL>      </div><EOL><EOL>    </div><EOL><EOL>  </body><EOL><EOL></html><EOL><EOL>"
	at org.springframework.web.client.HttpServerErrorException.create(HttpServerErrorException.java:111)
	at org.springframework.web.client.DefaultResponseErrorHandler.handleError(DefaultResponseErrorHandler.java:186)
	at org.springframework.web.client.DefaultResponseErrorHandler.handleError(DefaultResponseErrorHandler.java:137)
	at org.springframework.web.client.ResponseErrorHandler.handleError(ResponseErrorHandler.java:63)
	at org.springframework.web.client.RestTemplate.handleResponse(RestTemplate.java:915)
	at org.springframework.web.client.RestTemplate.doExecute(RestTemplate.java:864)
	at org.springframework.web.client.RestTemplate.execute(RestTemplate.java:764)
	at org.springframework.web.client.RestTemplate.exchange(RestTemplate.java:646)
	at org.springframework.cloud.netflix.eureka.http.RestTemplateEurekaHttpClient.getApplicationsInternal(RestTemplateEurekaHttpClient.java:149)
	at org.springframework.cloud.netflix.eureka.http.RestTemplateEurekaHttpClient.getApplications(RestTemplateEurekaHttpClient.java:139)
	at com.netflix.discovery.shared.transport.decorator.EurekaHttpClientDecorator$6.execute(EurekaHttpClientDecorator.java:137)
	at com.netflix.discovery.shared.transport.decorator.RedirectingEurekaHttpClient.executeOnNewServer(RedirectingEurekaHttpClient.java:121)
	at com.netflix.discovery.shared.transport.decorator.RedirectingEurekaHttpClient.execute(RedirectingEurekaHttpClient.java:80)
	at com.netflix.discovery.shared.transport.decorator.EurekaHttpClientDecorator.getApplications(EurekaHttpClientDecorator.java:134)
	at com.netflix.discovery.shared.transport.decorator.EurekaHttpClientDecorator$6.execute(EurekaHttpClientDecorator.java:137)
	at com.netflix.discovery.shared.transport.decorator.RetryableEurekaHttpClient.execute(RetryableEurekaHttpClient.java:120)
	at com.netflix.discovery.shared.transport.decorator.EurekaHttpClientDecorator.getApplications(EurekaHttpClientDecorator.java:134)
	at com.netflix.discovery.shared.transport.decorator.EurekaHttpClientDecorator$6.execute(EurekaHttpClientDecorator.java:137)
	at com.netflix.discovery.shared.transport.decorator.SessionedEurekaHttpClient.execute(SessionedEurekaHttpClient.java:77)
	at com.netflix.discovery.shared.transport.decorator.EurekaHttpClientDecorator.getApplications(EurekaHttpClientDecorator.java:134)
	at com.netflix.discovery.DiscoveryClient.getAndStoreFullRegistry(DiscoveryClient.java:1045)
	at com.netflix.discovery.DiscoveryClient.fetchRegistry(DiscoveryClient.java:958)
	at com.netflix.discovery.DiscoveryClient.<init>(DiscoveryClient.java:396)
	at com.netflix.discovery.DiscoveryClient.<init>(DiscoveryClient.java:247)
	at com.netflix.discovery.DiscoveryClient.<init>(DiscoveryClient.java:242)
	at org.springframework.cloud.netflix.eureka.CloudEurekaClient.<init>(CloudEurekaClient.java:68)
	at org.springframework.cloud.netflix.eureka.EurekaClientAutoConfiguration$RefreshableEurekaClientConfiguration.eurekaClient(EurekaClientAutoConfiguration.java:320)
	at java.base/jdk.internal.reflect.NativeMethodAccessorImpl.invoke0(Native Method)
	at java.base/jdk.internal.reflect.NativeMethodAccessorImpl.invoke(NativeMethodAccessorImpl.java:77)
	at java.base/jdk.internal.reflect.DelegatingMethodAccessorImpl.invoke(DelegatingMethodAccessorImpl.java:43)
	at java.base/java.lang.reflect.Method.invoke(Method.java:568)
	at org.springframework.beans.factory.support.SimpleInstantiationStrategy.instantiate(SimpleInstantiationStrategy.java:139)
	at org.springframework.beans.factory.support.ConstructorResolver.instantiate(ConstructorResolver.java:655)
	at org.springframework.beans.factory.support.ConstructorResolver.instantiateUsingFactoryMethod(ConstructorResolver.java:647)
	at org.springframework.beans.factory.support.AbstractAutowireCapableBeanFactory.instantiateUsingFactoryMethod(AbstractAutowireCapableBeanFactory.java:1332)
	at org.springframework.beans.factory.support.AbstractAutowireCapableBeanFactory.createBeanInstance(AbstractAutowireCapableBeanFactory.java:1162)
	at org.springframework.beans.factory.support.AbstractAutowireCapableBeanFactory.doCreateBean(AbstractAutowireCapableBeanFactory.java:560)
	at org.springframework.beans.factory.support.AbstractAutowireCapableBeanFactory.createBean(AbstractAutowireCapableBeanFactory.java:520)
	at org.springframework.beans.factory.support.AbstractBeanFactory.lambda$doGetBean$1(AbstractBeanFactory.java:365)
	at org.springframework.cloud.context.scope.GenericScope$BeanLifecycleWrapper.getBean(GenericScope.java:375)
	at org.springframework.cloud.context.scope.GenericScope.get(GenericScope.java:179)
	at org.springframework.beans.factory.support.AbstractBeanFactory.doGetBean(AbstractBeanFactory.java:362)
	at org.springframework.beans.factory.support.AbstractBeanFactory.getBean(AbstractBeanFactory.java:200)
	at org.springframework.aop.target.SimpleBeanTargetSource.getTarget(SimpleBeanTargetSource.java:35)
	at org.springframework.cloud.netflix.eureka.serviceregistry.EurekaRegistration.getTargetObject(EurekaRegistration.java:128)
	at org.springframework.cloud.netflix.eureka.serviceregistry.EurekaRegistration.getEurekaClient(EurekaRegistration.java:116)
	at java.base/jdk.internal.reflect.NativeMethodAccessorImpl.invoke0(Native Method)
	at java.base/jdk.internal.reflect.NativeMethodAccessorImpl.invoke(NativeMethodAccessorImpl.java:77)
	at java.base/jdk.internal.reflect.DelegatingMethodAccessorImpl.invoke(DelegatingMethodAccessorImpl.java:43)
	at java.base/java.lang.reflect.Method.invoke(Method.java:568)
	at org.springframework.util.ReflectionUtils.invokeMethod(ReflectionUtils.java:281)
	at org.springframework.cloud.context.scope.GenericScope$LockedScopedProxyFactoryBean.invoke(GenericScope.java:482)
	at org.springframework.aop.framework.ReflectiveMethodInvocation.proceed(ReflectiveMethodInvocation.java:184)
	at org.springframework.aop.framework.CglibAopProxy$CglibMethodInvocation.proceed(CglibAopProxy.java:756)
	at org.springframework.aop.framework.CglibAopProxy$DynamicAdvisedInterceptor.intercept(CglibAopProxy.java:708)
	at org.springframework.cloud.netflix.eureka.serviceregistry.EurekaRegistration$$SpringCGLIB$$0.getEurekaClient(<generated>)
	at org.springframework.cloud.netflix.eureka.serviceregistry.EurekaServiceRegistry.maybeInitializeClient(EurekaServiceRegistry.java:54)
	at org.springframework.cloud.netflix.eureka.serviceregistry.EurekaServiceRegistry.register(EurekaServiceRegistry.java:38)
	at org.springframework.cloud.netflix.eureka.serviceregistry.EurekaAutoServiceRegistration.start(EurekaAutoServiceRegistration.java:83)
	at org.springframework.context.support.DefaultLifecycleProcessor.doStart(DefaultLifecycleProcessor.java:179)
	at org.springframework.context.support.DefaultLifecycleProcessor$LifecycleGroup.start(DefaultLifecycleProcessor.java:357)
	at java.base/java.lang.Iterable.forEach(Iterable.java:75)
	at org.springframework.context.support.DefaultLifecycleProcessor.startBeans(DefaultLifecycleProcessor.java:156)
	at org.springframework.context.support.DefaultLifecycleProcessor.onRefresh(DefaultLifecycleProcessor.java:124)
	at org.springframework.context.support.AbstractApplicationContext.finishRefresh(AbstractApplicationContext.java:958)
	at org.springframework.context.support.AbstractApplicationContext.refresh(AbstractApplicationContext.java:611)
	at org.springframework.boot.SpringApplication.refresh(SpringApplication.java:734)
	at org.springframework.boot.SpringApplication.refreshContext(SpringApplication.java:436)
	at org.springframework.boot.SpringApplication.run(SpringApplication.java:312)
	at org.springframework.boot.test.context.SpringBootContextLoader.lambda$loadContext$3(SpringBootContextLoader.java:137)
	at org.springframework.util.function.ThrowingSupplier.get(ThrowingSupplier.java:58)
	at org.springframework.util.function.ThrowingSupplier.get(ThrowingSupplier.java:46)
	at org.springframework.boot.SpringApplication.withHook(SpringApplication.java:1406)
	at org.springframework.boot.test.context.SpringBootContextLoader$ContextLoaderHook.run(SpringBootContextLoader.java:545)
	at org.springframework.boot.test.context.SpringBootContextLoader.loadContext(SpringBootContextLoader.java:137)
	at org.springframework.boot.test.context.SpringBootContextLoader.loadContext(SpringBootContextLoader.java:108)
	at org.springframework.test.context.cache.DefaultCacheAwareContextLoaderDelegate.loadContextInternal(DefaultCacheAwareContextLoaderDelegate.java:187)
	at org.springframework.test.context.cache.DefaultCacheAwareContextLoaderDelegate.loadContext(DefaultCacheAwareContextLoaderDelegate.java:119)
	at org.springframework.test.context.support.DefaultTestContext.getApplicationContext(DefaultTestContext.java:127)
	at org.springframework.test.context.web.ServletTestExecutionListener.setUpRequestContextIfNecessary(ServletTestExecutionListener.java:191)
	at org.springframework.test.context.web.ServletTestExecutionListener.prepareTestInstance(ServletTestExecutionListener.java:130)
	at org.springframework.test.context.TestContextManager.prepareTestInstance(TestContextManager.java:241)
	at org.springframework.test.context.junit.jupiter.SpringExtension.postProcessTestInstance(SpringExtension.java:138)
	at org.junit.jupiter.engine.descriptor.ClassBasedTestDescriptor.lambda$invokeTestInstancePostProcessors$10(ClassBasedTestDescriptor.java:377)
	at org.junit.jupiter.engine.descriptor.ClassBasedTestDescriptor.executeAndMaskThrowable(ClassBasedTestDescriptor.java:382)
	at org.junit.jupiter.engine.descriptor.ClassBasedTestDescriptor.lambda$invokeTestInstancePostProcessors$11(ClassBasedTestDescriptor.java:377)
	at java.base/java.util.stream.ReferencePipeline$3$1.accept(ReferencePipeline.java:197)
	at java.base/java.util.stream.ReferencePipeline$2$1.accept(ReferencePipeline.java:179)
	at java.base/java.util.ArrayList$ArrayListSpliterator.forEachRemaining(ArrayList.java:1625)
	at java.base/java.util.stream.AbstractPipeline.copyInto(AbstractPipeline.java:509)
	at java.base/java.util.stream.AbstractPipeline.wrapAndCopyInto(AbstractPipeline.java:499)
	at java.base/java.util.stream.StreamSpliterators$WrappingSpliterator.forEachRemaining(StreamSpliterators.java:310)
	at java.base/java.util.stream.Streams$ConcatSpliterator.forEachRemaining(Streams.java:735)
	at java.base/java.util.stream.Streams$ConcatSpliterator.forEachRemaining(Streams.java:734)
	at java.base/java.util.stream.ReferencePipeline$Head.forEach(ReferencePipeline.java:762)
	at org.junit.jupiter.engine.descriptor.ClassBasedTestDescriptor.invokeTestInstancePostProcessors(ClassBasedTestDescriptor.java:376)
	at org.junit.jupiter.engine.descriptor.ClassBasedTestDescriptor.lambda$instantiateAndPostProcessTestInstance$6(ClassBasedTestDescriptor.java:289)
	at org.junit.platform.engine.support.hierarchical.ThrowableCollector.execute(ThrowableCollector.java:73)
	at org.junit.jupiter.engine.descriptor.ClassBasedTestDescriptor.instantiateAndPostProcessTestInstance(ClassBasedTestDescriptor.java:288)
	at org.junit.jupiter.engine.descriptor.ClassBasedTestDescriptor.lambda$testInstancesProvider$4(ClassBasedTestDescriptor.java:278)
	at java.base/java.util.Optional.orElseGet(Optional.java:364)
	at org.junit.jupiter.engine.descriptor.ClassBasedTestDescriptor.lambda$testInstancesProvider$5(ClassBasedTestDescriptor.java:277)
	at org.junit.jupiter.engine.execution.TestInstancesProvider.getTestInstances(TestInstancesProvider.java:31)
	at org.junit.jupiter.engine.descriptor.TestMethodTestDescriptor.lambda$prepare$0(TestMethodTestDescriptor.java:105)
	at org.junit.platform.engine.support.hierarchical.ThrowableCollector.execute(ThrowableCollector.java:73)
	at org.junit.jupiter.engine.descriptor.TestMethodTestDescriptor.prepare(TestMethodTestDescriptor.java:104)
	at org.junit.jupiter.engine.descriptor.TestMethodTestDescriptor.prepare(TestMethodTestDescriptor.java:68)
	at org.junit.platform.engine.support.hierarchical.NodeTestTask.lambda$prepare$2(NodeTestTask.java:123)
	at org.junit.platform.engine.support.hierarchical.ThrowableCollector.execute(ThrowableCollector.java:73)
	at org.junit.platform.engine.support.hierarchical.NodeTestTask.prepare(NodeTestTask.java:123)
	at org.junit.platform.engine.support.hierarchical.NodeTestTask.execute(NodeTestTask.java:90)
	at java.base/java.util.ArrayList.forEach(ArrayList.java:1511)
	at org.junit.platform.engine.support.hierarchical.SameThreadHierarchicalTestExecutorService.invokeAll(SameThreadHierarchicalTestExecutorService.java:41)
	at org.junit.platform.engine.support.hierarchical.NodeTestTask.lambda$executeRecursively$6(NodeTestTask.java:155)
	at org.junit.platform.engine.support.hierarchical.ThrowableCollector.execute(ThrowableCollector.java:73)
	at org.junit.platform.engine.support.hierarchical.NodeTestTask.lambda$executeRecursively$8(NodeTestTask.java:141)
	at org.junit.platform.engine.support.hierarchical.Node.around(Node.java:137)
	at org.junit.platform.engine.support.hierarchical.NodeTestTask.lambda$executeRecursively$9(NodeTestTask.java:139)
	at org.junit.platform.engine.support.hierarchical.ThrowableCollector.execute(ThrowableCollector.java:73)
	at org.junit.platform.engine.support.hierarchical.NodeTestTask.executeRecursively(NodeTestTask.java:138)
	at org.junit.platform.engine.support.hierarchical.NodeTestTask.execute(NodeTestTask.java:95)
	at java.base/java.util.ArrayList.forEach(ArrayList.java:1511)
	at org.junit.platform.engine.support.hierarchical.SameThreadHierarchicalTestExecutorService.invokeAll(SameThreadHierarchicalTestExecutorService.java:41)
	at org.junit.platform.engine.support.hierarchical.NodeTestTask.lambda$executeRecursively$6(NodeTestTask.java:155)
	at org.junit.platform.engine.support.hierarchical.ThrowableCollector.execute(ThrowableCollector.java:73)
	at org.junit.platform.engine.support.hierarchical.NodeTestTask.lambda$executeRecursively$8(NodeTestTask.java:141)
	at org.junit.platform.engine.support.hierarchical.Node.around(Node.java:137)
	at org.junit.platform.engine.support.hierarchical.NodeTestTask.lambda$executeRecursively$9(NodeTestTask.java:139)
	at org.junit.platform.engine.support.hierarchical.ThrowableCollector.execute(ThrowableCollector.java:73)
	at org.junit.platform.engine.support.hierarchical.NodeTestTask.executeRecursively(NodeTestTask.java:138)
	at org.junit.platform.engine.support.hierarchical.NodeTestTask.execute(NodeTestTask.java:95)
	at org.junit.platform.engine.support.hierarchical.SameThreadHierarchicalTestExecutorService.submit(SameThreadHierarchicalTestExecutorService.java:35)
	at org.junit.platform.engine.support.hierarchical.HierarchicalTestExecutor.execute(HierarchicalTestExecutor.java:57)
	at org.junit.platform.engine.support.hierarchical.HierarchicalTestEngine.execute(HierarchicalTestEngine.java:54)
	at org.junit.platform.launcher.core.EngineExecutionOrchestrator.execute(EngineExecutionOrchestrator.java:147)
	at org.junit.platform.launcher.core.EngineExecutionOrchestrator.execute(EngineExecutionOrchestrator.java:127)
	at org.junit.platform.launcher.core.EngineExecutionOrchestrator.execute(EngineExecutionOrchestrator.java:90)
	at org.junit.platform.launcher.core.EngineExecutionOrchestrator.lambda$execute$0(EngineExecutionOrchestrator.java:55)
	at org.junit.platform.launcher.core.EngineExecutionOrchestrator.withInterceptedStreams(EngineExecutionOrchestrator.java:102)
	at org.junit.platform.launcher.core.EngineExecutionOrchestrator.execute(EngineExecutionOrchestrator.java:54)
	at org.junit.platform.launcher.core.DefaultLauncher.execute(DefaultLauncher.java:114)
	at org.junit.platform.launcher.core.DefaultLauncher.execute(DefaultLauncher.java:86)
	at org.junit.platform.launcher.core.DefaultLauncherSession$DelegatingLauncher.execute(DefaultLauncherSession.java:86)
	at org.apache.maven.surefire.junitplatform.LazyLauncher.execute(LazyLauncher.java:50)
	at org.apache.maven.surefire.junitplatform.JUnitPlatformProvider.execute(JUnitPlatformProvider.java:184)
	at org.apache.maven.surefire.junitplatform.JUnitPlatformProvider.invokeAllTests(JUnitPlatformProvider.java:148)
	at org.apache.maven.surefire.junitplatform.JUnitPlatformProvider.invoke(JUnitPlatformProvider.java:122)
	at org.apache.maven.surefire.booter.ForkedBooter.runSuitesInProcess(ForkedBooter.java:385)
	at org.apache.maven.surefire.booter.ForkedBooter.execute(ForkedBooter.java:162)
	at org.apache.maven.surefire.booter.ForkedBooter.run(ForkedBooter.java:507)
	at org.apache.maven.surefire.booter.ForkedBooter.main(ForkedBooter.java:495)

2023-08-09T09:38:45.378+05:30  WARN 5756 --- [           main] c.n.d.s.t.d.RetryableEurekaHttpClient    : Request execution failed with message: 503 Service Unavailable: "<html><EOL><EOL>  <head><EOL><EOL>    <meta name="viewport" content="width=device-width, initial-scale=1"><EOL><EOL><EOL><EOL>    <style type="text/css"><EOL><EOL>      body {<EOL><EOL>        font-family: "Helvetica Neue", Helvetica, Arial, sans-serif;<EOL><EOL>        line-height: 1.66666667;<EOL><EOL>        font-size: 16px;<EOL><EOL>        color: #333;<EOL><EOL>        background-color: #fff;<EOL><EOL>        margin: 2em 1em;<EOL><EOL>      }<EOL><EOL>      h1 {<EOL><EOL>        font-size: 28px;<EOL><EOL>        font-weight: 400;<EOL><EOL>      }<EOL><EOL>      p {<EOL><EOL>        margin: 0 0 10px;<EOL><EOL>      }<EOL><EOL>      .alert.alert-info {<EOL><EOL>        background-color: #F0F0F0;<EOL><EOL>        margin-top: 30px;<EOL><EOL>        padding: 30px;<EOL><EOL>      }<EOL><EOL>      .alert p {<EOL><EOL>        padding-left: 35px;<EOL><EOL>      }<EOL><EOL>      ul {<EOL><EOL>        padding-left: 51px;<EOL><EOL>        position: relative;<EOL><EOL>      }<EOL><EOL>      li {<EOL><EOL>        font-size: 14px;<EOL><EOL>        margin-bottom: 1em;<EOL><EOL>      }<EOL><EOL>      p.info {<EOL><EOL>        position: relative;<EOL><EOL>        font-size: 20px;<EOL><EOL>      }<EOL><EOL>      p.info:before, p.info:after {<EOL><EOL>        content: "";<EOL><EOL>        left: 0;<EOL><EOL>        position: absolute;<EOL><EOL>        top: 0;<EOL><EOL>      }<EOL><EOL>      p.info:before {<EOL><EOL>        background: #0066CC;<EOL><EOL>        border-radius: 16px;<EOL><EOL>        color: #fff;<EOL><EOL>        content: "i";<EOL><EOL>        font: bold 16px/24px serif;<EOL><EOL>        height: 24px;<EOL><EOL>        left: 0px;<EOL><EOL>        text-align: center;<EOL><EOL>        top: 4px;<EOL><EOL>        width: 24px;<EOL><EOL>      }<EOL><EOL><EOL><EOL>      @media (min-width: 768px) {<EOL><EOL>        body {<EOL><EOL>          margin: 6em;<EOL><EOL>        }<EOL><EOL>      }<EOL><EOL>    </style><EOL><EOL>  </head><EOL><EOL>  <body><EOL><EOL>    <div><EOL><EOL>      <h1>Application is not available</h1><EOL><EOL>      <p>The application is currently not serving requests at this endpoint. It may not have been started or is still starting.</p><EOL><EOL><EOL><EOL>      <div class="alert alert-info"><EOL><EOL>        <p class="info"><EOL><EOL>          Possible reasons you are seeing this page:<EOL><EOL>        </p><EOL><EOL>        <ul><EOL><EOL>          <li><EOL><EOL>            <strong>The host doesn't exist.</strong><EOL><EOL>            Make sure the hostname was typed correctly and that a route matching this hostname exists.<EOL><EOL>          </li><EOL><EOL>          <li><EOL><EOL>            <strong>The host exists, but doesn't have a matching path.</strong><EOL><EOL>            Check if the URL path was typed correctly and that the route was created using the desired path.<EOL><EOL>          </li><EOL><EOL>          <li><EOL><EOL>            <strong>Route and path matches, but all pods are down.</strong><EOL><EOL>            Make sure that the resources exposed by this route (pods, services, deployment configs, etc) have at least one pod running.<EOL><EOL>          </li><EOL><EOL>        </ul><EOL><EOL>      </div><EOL><EOL>    </div><EOL><EOL>  </body><EOL><EOL></html><EOL><EOL>"
2023-08-09T09:38:45.384+05:30  INFO 5756 --- [           main] com.netflix.discovery.DiscoveryClient    : DiscoveryClient_ONEHEALTHAPIGATEWAY/YJB:onehealthapigateway:8080 - was unable to refresh its cache! This periodic background refresh will be retried in 30 seconds. status = Cannot execute request on any known server stacktrace = com.netflix.discovery.shared.transport.TransportException: Cannot execute request on any known server
	at com.netflix.discovery.shared.transport.decorator.RetryableEurekaHttpClient.execute(RetryableEurekaHttpClient.java:112)
	at com.netflix.discovery.shared.transport.decorator.EurekaHttpClientDecorator.getApplications(EurekaHttpClientDecorator.java:134)
	at com.netflix.discovery.shared.transport.decorator.EurekaHttpClientDecorator$6.execute(EurekaHttpClientDecorator.java:137)
	at com.netflix.discovery.shared.transport.decorator.SessionedEurekaHttpClient.execute(SessionedEurekaHttpClient.java:77)
	at com.netflix.discovery.shared.transport.decorator.EurekaHttpClientDecorator.getApplications(EurekaHttpClientDecorator.java:134)
	at com.netflix.discovery.DiscoveryClient.getAndStoreFullRegistry(DiscoveryClient.java:1045)
	at com.netflix.discovery.DiscoveryClient.fetchRegistry(DiscoveryClient.java:958)
	at com.netflix.discovery.DiscoveryClient.<init>(DiscoveryClient.java:396)
	at com.netflix.discovery.DiscoveryClient.<init>(DiscoveryClient.java:247)
	at com.netflix.discovery.DiscoveryClient.<init>(DiscoveryClient.java:242)
	at org.springframework.cloud.netflix.eureka.CloudEurekaClient.<init>(CloudEurekaClient.java:68)
	at org.springframework.cloud.netflix.eureka.EurekaClientAutoConfiguration$RefreshableEurekaClientConfiguration.eurekaClient(EurekaClientAutoConfiguration.java:320)
	at java.base/jdk.internal.reflect.NativeMethodAccessorImpl.invoke0(Native Method)
	at java.base/jdk.internal.reflect.NativeMethodAccessorImpl.invoke(NativeMethodAccessorImpl.java:77)
	at java.base/jdk.internal.reflect.DelegatingMethodAccessorImpl.invoke(DelegatingMethodAccessorImpl.java:43)
	at java.base/java.lang.reflect.Method.invoke(Method.java:568)
	at org.springframework.beans.factory.support.SimpleInstantiationStrategy.instantiate(SimpleInstantiationStrategy.java:139)
	at org.springframework.beans.factory.support.ConstructorResolver.instantiate(ConstructorResolver.java:655)
	at org.springframework.beans.factory.support.ConstructorResolver.instantiateUsingFactoryMethod(ConstructorResolver.java:647)
	at org.springframework.beans.factory.support.AbstractAutowireCapableBeanFactory.instantiateUsingFactoryMethod(AbstractAutowireCapableBeanFactory.java:1332)
	at org.springframework.beans.factory.support.AbstractAutowireCapableBeanFactory.createBeanInstance(AbstractAutowireCapableBeanFactory.java:1162)
	at org.springframework.beans.factory.support.AbstractAutowireCapableBeanFactory.doCreateBean(AbstractAutowireCapableBeanFactory.java:560)
	at org.springframework.beans.factory.support.AbstractAutowireCapableBeanFactory.createBean(AbstractAutowireCapableBeanFactory.java:520)
	at org.springframework.beans.factory.support.AbstractBeanFactory.lambda$doGetBean$1(AbstractBeanFactory.java:365)
	at org.springframework.cloud.context.scope.GenericScope$BeanLifecycleWrapper.getBean(GenericScope.java:375)
	at org.springframework.cloud.context.scope.GenericScope.get(GenericScope.java:179)
	at org.springframework.beans.factory.support.AbstractBeanFactory.doGetBean(AbstractBeanFactory.java:362)
	at org.springframework.beans.factory.support.AbstractBeanFactory.getBean(AbstractBeanFactory.java:200)
	at org.springframework.aop.target.SimpleBeanTargetSource.getTarget(SimpleBeanTargetSource.java:35)
	at org.springframework.cloud.netflix.eureka.serviceregistry.EurekaRegistration.getTargetObject(EurekaRegistration.java:128)
	at org.springframework.cloud.netflix.eureka.serviceregistry.EurekaRegistration.getEurekaClient(EurekaRegistration.java:116)
	at java.base/jdk.internal.reflect.NativeMethodAccessorImpl.invoke0(Native Method)
	at java.base/jdk.internal.reflect.NativeMethodAccessorImpl.invoke(NativeMethodAccessorImpl.java:77)
	at java.base/jdk.internal.reflect.DelegatingMethodAccessorImpl.invoke(DelegatingMethodAccessorImpl.java:43)
	at java.base/java.lang.reflect.Method.invoke(Method.java:568)
	at org.springframework.util.ReflectionUtils.invokeMethod(ReflectionUtils.java:281)
	at org.springframework.cloud.context.scope.GenericScope$LockedScopedProxyFactoryBean.invoke(GenericScope.java:482)
	at org.springframework.aop.framework.ReflectiveMethodInvocation.proceed(ReflectiveMethodInvocation.java:184)
	at org.springframework.aop.framework.CglibAopProxy$CglibMethodInvocation.proceed(CglibAopProxy.java:756)
	at org.springframework.aop.framework.CglibAopProxy$DynamicAdvisedInterceptor.intercept(CglibAopProxy.java:708)
	at org.springframework.cloud.netflix.eureka.serviceregistry.EurekaRegistration$$SpringCGLIB$$0.getEurekaClient(<generated>)
	at org.springframework.cloud.netflix.eureka.serviceregistry.EurekaServiceRegistry.maybeInitializeClient(EurekaServiceRegistry.java:54)
	at org.springframework.cloud.netflix.eureka.serviceregistry.EurekaServiceRegistry.register(EurekaServiceRegistry.java:38)
	at org.springframework.cloud.netflix.eureka.serviceregistry.EurekaAutoServiceRegistration.start(EurekaAutoServiceRegistration.java:83)
	at org.springframework.context.support.DefaultLifecycleProcessor.doStart(DefaultLifecycleProcessor.java:179)
	at org.springframework.context.support.DefaultLifecycleProcessor$LifecycleGroup.start(DefaultLifecycleProcessor.java:357)
	at java.base/java.lang.Iterable.forEach(Iterable.java:75)
	at org.springframework.context.support.DefaultLifecycleProcessor.startBeans(DefaultLifecycleProcessor.java:156)
	at org.springframework.context.support.DefaultLifecycleProcessor.onRefresh(DefaultLifecycleProcessor.java:124)
	at org.springframework.context.support.AbstractApplicationContext.finishRefresh(AbstractApplicationContext.java:958)
	at org.springframework.context.support.AbstractApplicationContext.refresh(AbstractApplicationContext.java:611)
	at org.springframework.boot.SpringApplication.refresh(SpringApplication.java:734)
	at org.springframework.boot.SpringApplication.refreshContext(SpringApplication.java:436)
	at org.springframework.boot.SpringApplication.run(SpringApplication.java:312)
	at org.springframework.boot.test.context.SpringBootContextLoader.lambda$loadContext$3(SpringBootContextLoader.java:137)
	at org.springframework.util.function.ThrowingSupplier.get(ThrowingSupplier.java:58)
	at org.springframework.util.function.ThrowingSupplier.get(ThrowingSupplier.java:46)
	at org.springframework.boot.SpringApplication.withHook(SpringApplication.java:1406)
	at org.springframework.boot.test.context.SpringBootContextLoader$ContextLoaderHook.run(SpringBootContextLoader.java:545)
	at org.springframework.boot.test.context.SpringBootContextLoader.loadContext(SpringBootContextLoader.java:137)
	at org.springframework.boot.test.context.SpringBootContextLoader.loadContext(SpringBootContextLoader.java:108)
	at org.springframework.test.context.cache.DefaultCacheAwareContextLoaderDelegate.loadContextInternal(DefaultCacheAwareContextLoaderDelegate.java:187)
	at org.springframework.test.context.cache.DefaultCacheAwareContextLoaderDelegate.loadContext(DefaultCacheAwareContextLoaderDelegate.java:119)
	at org.springframework.test.context.support.DefaultTestContext.getApplicationContext(DefaultTestContext.java:127)
	at org.springframework.test.context.web.ServletTestExecutionListener.setUpRequestContextIfNecessary(ServletTestExecutionListener.java:191)
	at org.springframework.test.context.web.ServletTestExecutionListener.prepareTestInstance(ServletTestExecutionListener.java:130)
	at org.springframework.test.context.TestContextManager.prepareTestInstance(TestContextManager.java:241)
	at org.springframework.test.context.junit.jupiter.SpringExtension.postProcessTestInstance(SpringExtension.java:138)
	at org.junit.jupiter.engine.descriptor.ClassBasedTestDescriptor.lambda$invokeTestInstancePostProcessors$10(ClassBasedTestDescriptor.java:377)
	at org.junit.jupiter.engine.descriptor.ClassBasedTestDescriptor.executeAndMaskThrowable(ClassBasedTestDescriptor.java:382)
	at org.junit.jupiter.engine.descriptor.ClassBasedTestDescriptor.lambda$invokeTestInstancePostProcessors$11(ClassBasedTestDescriptor.java:377)
	at java.base/java.util.stream.ReferencePipeline$3$1.accept(ReferencePipeline.java:197)
	at java.base/java.util.stream.ReferencePipeline$2$1.accept(ReferencePipeline.java:179)
	at java.base/java.util.ArrayList$ArrayListSpliterator.forEachRemaining(ArrayList.java:1625)
	at java.base/java.util.stream.AbstractPipeline.copyInto(AbstractPipeline.java:509)
	at java.base/java.util.stream.AbstractPipeline.wrapAndCopyInto(AbstractPipeline.java:499)
	at java.base/java.util.stream.StreamSpliterators$WrappingSpliterator.forEachRemaining(StreamSpliterators.java:310)
	at java.base/java.util.stream.Streams$ConcatSpliterator.forEachRemaining(Streams.java:735)
	at java.base/java.util.stream.Streams$ConcatSpliterator.forEachRemaining(Streams.java:734)
	at java.base/java.util.stream.ReferencePipeline$Head.forEach(ReferencePipeline.java:762)
	at org.junit.jupiter.engine.descriptor.ClassBasedTestDescriptor.invokeTestInstancePostProcessors(ClassBasedTestDescriptor.java:376)
	at org.junit.jupiter.engine.descriptor.ClassBasedTestDescriptor.lambda$instantiateAndPostProcessTestInstance$6(ClassBasedTestDescriptor.java:289)
	at org.junit.platform.engine.support.hierarchical.ThrowableCollector.execute(ThrowableCollector.java:73)
	at org.junit.jupiter.engine.descriptor.ClassBasedTestDescriptor.instantiateAndPostProcessTestInstance(ClassBasedTestDescriptor.java:288)
	at org.junit.jupiter.engine.descriptor.ClassBasedTestDescriptor.lambda$testInstancesProvider$4(ClassBasedTestDescriptor.java:278)
	at java.base/java.util.Optional.orElseGet(Optional.java:364)
	at org.junit.jupiter.engine.descriptor.ClassBasedTestDescriptor.lambda$testInstancesProvider$5(ClassBasedTestDescriptor.java:277)
	at org.junit.jupiter.engine.execution.TestInstancesProvider.getTestInstances(TestInstancesProvider.java:31)
	at org.junit.jupiter.engine.descriptor.TestMethodTestDescriptor.lambda$prepare$0(TestMethodTestDescriptor.java:105)
	at org.junit.platform.engine.support.hierarchical.ThrowableCollector.execute(ThrowableCollector.java:73)
	at org.junit.jupiter.engine.descriptor.TestMethodTestDescriptor.prepare(TestMethodTestDescriptor.java:104)
	at org.junit.jupiter.engine.descriptor.TestMethodTestDescriptor.prepare(TestMethodTestDescriptor.java:68)
	at org.junit.platform.engine.support.hierarchical.NodeTestTask.lambda$prepare$2(NodeTestTask.java:123)
	at org.junit.platform.engine.support.hierarchical.ThrowableCollector.execute(ThrowableCollector.java:73)
	at org.junit.platform.engine.support.hierarchical.NodeTestTask.prepare(NodeTestTask.java:123)
	at org.junit.platform.engine.support.hierarchical.NodeTestTask.execute(NodeTestTask.java:90)
	at java.base/java.util.ArrayList.forEach(ArrayList.java:1511)
	at org.junit.platform.engine.support.hierarchical.SameThreadHierarchicalTestExecutorService.invokeAll(SameThreadHierarchicalTestExecutorService.java:41)
	at org.junit.platform.engine.support.hierarchical.NodeTestTask.lambda$executeRecursively$6(NodeTestTask.java:155)
	at org.junit.platform.engine.support.hierarchical.ThrowableCollector.execute(ThrowableCollector.java:73)
	at org.junit.platform.engine.support.hierarchical.NodeTestTask.lambda$executeRecursively$8(NodeTestTask.java:141)
	at org.junit.platform.engine.support.hierarchical.Node.around(Node.java:137)
	at org.junit.platform.engine.support.hierarchical.NodeTestTask.lambda$executeRecursively$9(NodeTestTask.java:139)
	at org.junit.platform.engine.support.hierarchical.ThrowableCollector.execute(ThrowableCollector.java:73)
	at org.junit.platform.engine.support.hierarchical.NodeTestTask.executeRecursively(NodeTestTask.java:138)
	at org.junit.platform.engine.support.hierarchical.NodeTestTask.execute(NodeTestTask.java:95)
	at java.base/java.util.ArrayList.forEach(ArrayList.java:1511)
	at org.junit.platform.engine.support.hierarchical.SameThreadHierarchicalTestExecutorService.invokeAll(SameThreadHierarchicalTestExecutorService.java:41)
	at org.junit.platform.engine.support.hierarchical.NodeTestTask.lambda$executeRecursively$6(NodeTestTask.java:155)
	at org.junit.platform.engine.support.hierarchical.ThrowableCollector.execute(ThrowableCollector.java:73)
	at org.junit.platform.engine.support.hierarchical.NodeTestTask.lambda$executeRecursively$8(NodeTestTask.java:141)
	at org.junit.platform.engine.support.hierarchical.Node.around(Node.java:137)
	at org.junit.platform.engine.support.hierarchical.NodeTestTask.lambda$executeRecursively$9(NodeTestTask.java:139)
	at org.junit.platform.engine.support.hierarchical.ThrowableCollector.execute(ThrowableCollector.java:73)
	at org.junit.platform.engine.support.hierarchical.NodeTestTask.executeRecursively(NodeTestTask.java:138)
	at org.junit.platform.engine.support.hierarchical.NodeTestTask.execute(NodeTestTask.java:95)
	at org.junit.platform.engine.support.hierarchical.SameThreadHierarchicalTestExecutorService.submit(SameThreadHierarchicalTestExecutorService.java:35)
	at org.junit.platform.engine.support.hierarchical.HierarchicalTestExecutor.execute(HierarchicalTestExecutor.java:57)
	at org.junit.platform.engine.support.hierarchical.HierarchicalTestEngine.execute(HierarchicalTestEngine.java:54)
	at org.junit.platform.launcher.core.EngineExecutionOrchestrator.execute(EngineExecutionOrchestrator.java:147)
	at org.junit.platform.launcher.core.EngineExecutionOrchestrator.execute(EngineExecutionOrchestrator.java:127)
	at org.junit.platform.launcher.core.EngineExecutionOrchestrator.execute(EngineExecutionOrchestrator.java:90)
	at org.junit.platform.launcher.core.EngineExecutionOrchestrator.lambda$execute$0(EngineExecutionOrchestrator.java:55)
	at org.junit.platform.launcher.core.EngineExecutionOrchestrator.withInterceptedStreams(EngineExecutionOrchestrator.java:102)
	at org.junit.platform.launcher.core.EngineExecutionOrchestrator.execute(EngineExecutionOrchestrator.java:54)
	at org.junit.platform.launcher.core.DefaultLauncher.execute(DefaultLauncher.java:114)
	at org.junit.platform.launcher.core.DefaultLauncher.execute(DefaultLauncher.java:86)
	at org.junit.platform.launcher.core.DefaultLauncherSession$DelegatingLauncher.execute(DefaultLauncherSession.java:86)
	at org.apache.maven.surefire.junitplatform.LazyLauncher.execute(LazyLauncher.java:50)
	at org.apache.maven.surefire.junitplatform.JUnitPlatformProvider.execute(JUnitPlatformProvider.java:184)
	at org.apache.maven.surefire.junitplatform.JUnitPlatformProvider.invokeAllTests(JUnitPlatformProvider.java:148)
	at org.apache.maven.surefire.junitplatform.JUnitPlatformProvider.invoke(JUnitPlatformProvider.java:122)
	at org.apache.maven.surefire.booter.ForkedBooter.runSuitesInProcess(ForkedBooter.java:385)
	at org.apache.maven.surefire.booter.ForkedBooter.execute(ForkedBooter.java:162)
	at org.apache.maven.surefire.booter.ForkedBooter.run(ForkedBooter.java:507)
	at org.apache.maven.surefire.booter.ForkedBooter.main(ForkedBooter.java:495)

2023-08-09T09:38:45.391+05:30  INFO 5756 --- [           main] com.netflix.discovery.DiscoveryClient    : Initial registry fetch from primary servers failed
2023-08-09T09:38:45.393+05:30  WARN 5756 --- [           main] com.netflix.discovery.DiscoveryClient    : Using default backup registry implementation which does not do anything.
2023-08-09T09:38:45.395+05:30  INFO 5756 --- [           main] com.netflix.discovery.DiscoveryClient    : Initial registry fetch from backup servers failed
2023-08-09T09:38:45.403+05:30  INFO 5756 --- [           main] com.netflix.discovery.DiscoveryClient    : Starting heartbeat executor: renew interval is: 30
2023-08-09T09:38:45.421+05:30  INFO 5756 --- [           main] c.n.discovery.InstanceInfoReplicator     : InstanceInfoReplicator onDemand update allowed rate per min is 4
2023-08-09T09:38:45.474+05:30  INFO 5756 --- [           main] com.netflix.discovery.DiscoveryClient    : Discovery Client initialized at timestamp 1691554125466 with initial instances count: 0
2023-08-09T09:38:45.495+05:30  INFO 5756 --- [           main] o.s.c.n.e.s.EurekaServiceRegistry        : Registering application ONEHEALTHAPIGATEWAY with eureka with status UP
2023-08-09T09:38:45.499+05:30  INFO 5756 --- [           main] com.netflix.discovery.DiscoveryClient    : Saw local status change event StatusChangeEvent [timestamp=1691554125499, current=UP, previous=STARTING]
2023-08-09T09:38:45.516+05:30  INFO 5756 --- [nfoReplicator-0] com.netflix.discovery.DiscoveryClient    : DiscoveryClient_ONEHEALTHAPIGATEWAY/YJB:onehealthapigateway:8080: registering service...
2023-08-09T09:38:45.769+05:30  INFO 5756 --- [           main] .o.a.OneHealthApiGatewayApplicationTests : Started OneHealthApiGatewayApplicationTests in 14.31 seconds (process running for 18.554)
2023-08-09T09:38:48.123+05:30  INFO 5756 --- [nfoReplicator-0] c.n.d.s.t.d.RedirectingEurekaHttpClient  : Request execution error. endpoint=DefaultEndpoint{ serviceUrl='https://serviceregistry-yjb28-dev.apps.sandbox-m4.g2pi.p1.openshiftapps.com/eureka/}, exception=503 Service Unavailable: "<html><EOL><EOL>  <head><EOL><EOL>    <meta name="viewport" content="width=device-width, initial-scale=1"><EOL><EOL><EOL><EOL>    <style type="text/css"><EOL><EOL>      body {<EOL><EOL>        font-family: "Helvetica Neue", Helvetica, Arial, sans-serif;<EOL><EOL>        line-height: 1.66666667;<EOL><EOL>        font-size: 16px;<EOL><EOL>        color: #333;<EOL><EOL>        background-color: #fff;<EOL><EOL>        margin: 2em 1em;<EOL><EOL>      }<EOL><EOL>      h1 {<EOL><EOL>        font-size: 28px;<EOL><EOL>        font-weight: 400;<EOL><EOL>      }<EOL><EOL>      p {<EOL><EOL>        margin: 0 0 10px;<EOL><EOL>      }<EOL><EOL>      .alert.alert-info {<EOL><EOL>        background-color: #F0F0F0;<EOL><EOL>        margin-top: 30px;<EOL><EOL>        padding: 30px;<EOL><EOL>      }<EOL><EOL>      .alert p {<EOL><EOL>        padding-left: 35px;<EOL><EOL>      }<EOL><EOL>      ul {<EOL><EOL>        padding-left: 51px;<EOL><EOL>        position: relative;<EOL><EOL>      }<EOL><EOL>      li {<EOL><EOL>        font-size: 14px;<EOL><EOL>        margin-bottom: 1em;<EOL><EOL>      }<EOL><EOL>      p.info {<EOL><EOL>        position: relative;<EOL><EOL>        font-size: 20px;<EOL><EOL>      }<EOL><EOL>      p.info:before, p.info:after {<EOL><EOL>        content: "";<EOL><EOL>        left: 0;<EOL><EOL>        position: absolute;<EOL><EOL>        top: 0;<EOL><EOL>      }<EOL><EOL>      p.info:before {<EOL><EOL>        background: #0066CC;<EOL><EOL>        border-radius: 16px;<EOL><EOL>        color: #fff;<EOL><EOL>        content: "i";<EOL><EOL>        font: bold 16px/24px serif;<EOL><EOL>        height: 24px;<EOL><EOL>        left: 0px;<EOL><EOL>        text-align: center;<EOL><EOL>        top: 4px;<EOL><EOL>        width: 24px;<EOL><EOL>      }<EOL><EOL><EOL><EOL>      @media (min-width: 768px) {<EOL><EOL>        body {<EOL><EOL>          margin: 6em;<EOL><EOL>        }<EOL><EOL>      }<EOL><EOL>    </style><EOL><EOL>  </head><EOL><EOL>  <body><EOL><EOL>    <div><EOL><EOL>      <h1>Application is not available</h1><EOL><EOL>      <p>The application is currently not serving requests at this endpoint. It may not have been started or is still starting.</p><EOL><EOL><EOL><EOL>      <div class="alert alert-info"><EOL><EOL>        <p class="info"><EOL><EOL>          Possible reasons you are seeing this page:<EOL><EOL>        </p><EOL><EOL>        <ul><EOL><EOL>          <li><EOL><EOL>            <strong>The host doesn't exist.</strong><EOL><EOL>            Make sure the hostname was typed correctly and that a route matching this hostname exists.<EOL><EOL>          </li><EOL><EOL>          <li><EOL><EOL>            <strong>The host exists, but doesn't have a matching path.</strong><EOL><EOL>            Check if the URL path was typed correctly and that the route was created using the desired path.<EOL><EOL>          </li><EOL><EOL>          <li><EOL><EOL>            <strong>Route and path matches, but all pods are down.</strong><EOL><EOL>            Make sure that the resources exposed by this route (pods, services, deployment configs, etc) have at least one pod running.<EOL><EOL>          </li><EOL><EOL>        </ul><EOL><EOL>      </div><EOL><EOL>    </div><EOL><EOL>  </body><EOL><EOL></html><EOL><EOL>" stacktrace=org.springframework.web.client.HttpServerErrorException$ServiceUnavailable: 503 Service Unavailable: "<html><EOL><EOL>  <head><EOL><EOL>    <meta name="viewport" content="width=device-width, initial-scale=1"><EOL><EOL><EOL><EOL>    <style type="text/css"><EOL><EOL>      body {<EOL><EOL>        font-family: "Helvetica Neue", Helvetica, Arial, sans-serif;<EOL><EOL>        line-height: 1.66666667;<EOL><EOL>        font-size: 16px;<EOL><EOL>        color: #333;<EOL><EOL>        background-color: #fff;<EOL><EOL>        margin: 2em 1em;<EOL><EOL>      }<EOL><EOL>      h1 {<EOL><EOL>        font-size: 28px;<EOL><EOL>        font-weight: 400;<EOL><EOL>      }<EOL><EOL>      p {<EOL><EOL>        margin: 0 0 10px;<EOL><EOL>      }<EOL><EOL>      .alert.alert-info {<EOL><EOL>        background-color: #F0F0F0;<EOL><EOL>        margin-top: 30px;<EOL><EOL>        padding: 30px;<EOL><EOL>      }<EOL><EOL>      .alert p {<EOL><EOL>        padding-left: 35px;<EOL><EOL>      }<EOL><EOL>      ul {<EOL><EOL>        padding-left: 51px;<EOL><EOL>        position: relative;<EOL><EOL>      }<EOL><EOL>      li {<EOL><EOL>        font-size: 14px;<EOL><EOL>        margin-bottom: 1em;<EOL><EOL>      }<EOL><EOL>      p.info {<EOL><EOL>        position: relative;<EOL><EOL>        font-size: 20px;<EOL><EOL>      }<EOL><EOL>      p.info:before, p.info:after {<EOL><EOL>        content: "";<EOL><EOL>        left: 0;<EOL><EOL>        position: absolute;<EOL><EOL>        top: 0;<EOL><EOL>      }<EOL><EOL>      p.info:before {<EOL><EOL>        background: #0066CC;<EOL><EOL>        border-radius: 16px;<EOL><EOL>        color: #fff;<EOL><EOL>        content: "i";<EOL><EOL>        font: bold 16px/24px serif;<EOL><EOL>        height: 24px;<EOL><EOL>        left: 0px;<EOL><EOL>        text-align: center;<EOL><EOL>        top: 4px;<EOL><EOL>        width: 24px;<EOL><EOL>      }<EOL><EOL><EOL><EOL>      @media (min-width: 768px) {<EOL><EOL>        body {<EOL><EOL>          margin: 6em;<EOL><EOL>        }<EOL><EOL>      }<EOL><EOL>    </style><EOL><EOL>  </head><EOL><EOL>  <body><EOL><EOL>    <div><EOL><EOL>      <h1>Application is not available</h1><EOL><EOL>      <p>The application is currently not serving requests at this endpoint. It may not have been started or is still starting.</p><EOL><EOL><EOL><EOL>      <div class="alert alert-info"><EOL><EOL>        <p class="info"><EOL><EOL>          Possible reasons you are seeing this page:<EOL><EOL>        </p><EOL><EOL>        <ul><EOL><EOL>          <li><EOL><EOL>            <strong>The host doesn't exist.</strong><EOL><EOL>            Make sure the hostname was typed correctly and that a route matching this hostname exists.<EOL><EOL>          </li><EOL><EOL>          <li><EOL><EOL>            <strong>The host exists, but doesn't have a matching path.</strong><EOL><EOL>            Check if the URL path was typed correctly and that the route was created using the desired path.<EOL><EOL>          </li><EOL><EOL>          <li><EOL><EOL>            <strong>Route and path matches, but all pods are down.</strong><EOL><EOL>            Make sure that the resources exposed by this route (pods, services, deployment configs, etc) have at least one pod running.<EOL><EOL>          </li><EOL><EOL>        </ul><EOL><EOL>      </div><EOL><EOL>    </div><EOL><EOL>  </body><EOL><EOL></html><EOL><EOL>"
	at org.springframework.web.client.HttpServerErrorException.create(HttpServerErrorException.java:111)
	at org.springframework.web.client.DefaultResponseErrorHandler.handleError(DefaultResponseErrorHandler.java:186)
	at org.springframework.web.client.DefaultResponseErrorHandler.handleError(DefaultResponseErrorHandler.java:137)
	at org.springframework.web.client.ResponseErrorHandler.handleError(ResponseErrorHandler.java:63)
	at org.springframework.web.client.RestTemplate.handleResponse(RestTemplate.java:915)
	at org.springframework.web.client.RestTemplate.doExecute(RestTemplate.java:864)
	at org.springframework.web.client.RestTemplate.execute(RestTemplate.java:764)
	at org.springframework.web.client.RestTemplate.exchange(RestTemplate.java:646)
	at org.springframework.cloud.netflix.eureka.http.RestTemplateEurekaHttpClient.register(RestTemplateEurekaHttpClient.java:81)
	at com.netflix.discovery.shared.transport.decorator.EurekaHttpClientDecorator$1.execute(EurekaHttpClientDecorator.java:59)
	at com.netflix.discovery.shared.transport.decorator.RedirectingEurekaHttpClient.executeOnNewServer(RedirectingEurekaHttpClient.java:121)
	at com.netflix.discovery.shared.transport.decorator.RedirectingEurekaHttpClient.execute(RedirectingEurekaHttpClient.java:80)
	at com.netflix.discovery.shared.transport.decorator.EurekaHttpClientDecorator.register(EurekaHttpClientDecorator.java:56)
	at com.netflix.discovery.shared.transport.decorator.EurekaHttpClientDecorator$1.execute(EurekaHttpClientDecorator.java:59)
	at com.netflix.discovery.shared.transport.decorator.RetryableEurekaHttpClient.execute(RetryableEurekaHttpClient.java:120)
	at com.netflix.discovery.shared.transport.decorator.EurekaHttpClientDecorator.register(EurekaHttpClientDecorator.java:56)
	at com.netflix.discovery.shared.transport.decorator.EurekaHttpClientDecorator$1.execute(EurekaHttpClientDecorator.java:59)
	at com.netflix.discovery.shared.transport.decorator.SessionedEurekaHttpClient.execute(SessionedEurekaHttpClient.java:77)
	at com.netflix.discovery.shared.transport.decorator.EurekaHttpClientDecorator.register(EurekaHttpClientDecorator.java:56)
	at com.netflix.discovery.DiscoveryClient.register(DiscoveryClient.java:820)
	at com.netflix.discovery.InstanceInfoReplicator.run(InstanceInfoReplicator.java:121)
	at com.netflix.discovery.InstanceInfoReplicator$1.run(InstanceInfoReplicator.java:101)
	at java.base/java.util.concurrent.Executors$RunnableAdapter.call(Executors.java:539)
	at java.base/java.util.concurrent.FutureTask.run(FutureTask.java:264)
	at java.base/java.util.concurrent.ScheduledThreadPoolExecutor$ScheduledFutureTask.run(ScheduledThreadPoolExecutor.java:304)
	at java.base/java.util.concurrent.ThreadPoolExecutor.runWorker(ThreadPoolExecutor.java:1136)
	at java.base/java.util.concurrent.ThreadPoolExecutor$Worker.run(ThreadPoolExecutor.java:635)
	at java.base/java.lang.Thread.run(Thread.java:833)

2023-08-09T09:38:48.125+05:30  WARN 5756 --- [nfoReplicator-0] c.n.d.s.t.d.RetryableEurekaHttpClient    : Request execution failed with message: 503 Service Unavailable: "<html><EOL><EOL>  <head><EOL><EOL>    <meta name="viewport" content="width=device-width, initial-scale=1"><EOL><EOL><EOL><EOL>    <style type="text/css"><EOL><EOL>      body {<EOL><EOL>        font-family: "Helvetica Neue", Helvetica, Arial, sans-serif;<EOL><EOL>        line-height: 1.66666667;<EOL><EOL>        font-size: 16px;<EOL><EOL>        color: #333;<EOL><EOL>        background-color: #fff;<EOL><EOL>        margin: 2em 1em;<EOL><EOL>      }<EOL><EOL>      h1 {<EOL><EOL>        font-size: 28px;<EOL><EOL>        font-weight: 400;<EOL><EOL>      }<EOL><EOL>      p {<EOL><EOL>        margin: 0 0 10px;<EOL><EOL>      }<EOL><EOL>      .alert.alert-info {<EOL><EOL>        background-color: #F0F0F0;<EOL><EOL>        margin-top: 30px;<EOL><EOL>        padding: 30px;<EOL><EOL>      }<EOL><EOL>      .alert p {<EOL><EOL>        padding-left: 35px;<EOL><EOL>      }<EOL><EOL>      ul {<EOL><EOL>        padding-left: 51px;<EOL><EOL>        position: relative;<EOL><EOL>      }<EOL><EOL>      li {<EOL><EOL>        font-size: 14px;<EOL><EOL>        margin-bottom: 1em;<EOL><EOL>      }<EOL><EOL>      p.info {<EOL><EOL>        position: relative;<EOL><EOL>        font-size: 20px;<EOL><EOL>      }<EOL><EOL>      p.info:before, p.info:after {<EOL><EOL>        content: "";<EOL><EOL>        left: 0;<EOL><EOL>        position: absolute;<EOL><EOL>        top: 0;<EOL><EOL>      }<EOL><EOL>      p.info:before {<EOL><EOL>        background: #0066CC;<EOL><EOL>        border-radius: 16px;<EOL><EOL>        color: #fff;<EOL><EOL>        content: "i";<EOL><EOL>        font: bold 16px/24px serif;<EOL><EOL>        height: 24px;<EOL><EOL>        left: 0px;<EOL><EOL>        text-align: center;<EOL><EOL>        top: 4px;<EOL><EOL>        width: 24px;<EOL><EOL>      }<EOL><EOL><EOL><EOL>      @media (min-width: 768px) {<EOL><EOL>        body {<EOL><EOL>          margin: 6em;<EOL><EOL>        }<EOL><EOL>      }<EOL><EOL>    </style><EOL><EOL>  </head><EOL><EOL>  <body><EOL><EOL>    <div><EOL><EOL>      <h1>Application is not available</h1><EOL><EOL>      <p>The application is currently not serving requests at this endpoint. It may not have been started or is still starting.</p><EOL><EOL><EOL><EOL>      <div class="alert alert-info"><EOL><EOL>        <p class="info"><EOL><EOL>          Possible reasons you are seeing this page:<EOL><EOL>        </p><EOL><EOL>        <ul><EOL><EOL>          <li><EOL><EOL>            <strong>The host doesn't exist.</strong><EOL><EOL>            Make sure the hostname was typed correctly and that a route matching this hostname exists.<EOL><EOL>          </li><EOL><EOL>          <li><EOL><EOL>            <strong>The host exists, but doesn't have a matching path.</strong><EOL><EOL>            Check if the URL path was typed correctly and that the route was created using the desired path.<EOL><EOL>          </li><EOL><EOL>          <li><EOL><EOL>            <strong>Route and path matches, but all pods are down.</strong><EOL><EOL>            Make sure that the resources exposed by this route (pods, services, deployment configs, etc) have at least one pod running.<EOL><EOL>          </li><EOL><EOL>        </ul><EOL><EOL>      </div><EOL><EOL>    </div><EOL><EOL>  </body><EOL><EOL></html><EOL><EOL>"
2023-08-09T09:38:48.127+05:30  WARN 5756 --- [nfoReplicator-0] com.netflix.discovery.DiscoveryClient    : DiscoveryClient_ONEHEALTHAPIGATEWAY/YJB:onehealthapigateway:8080 - registration failed Cannot execute request on any known server

com.netflix.discovery.shared.transport.TransportException: Cannot execute request on any known server
	at com.netflix.discovery.shared.transport.decorator.RetryableEurekaHttpClient.execute(RetryableEurekaHttpClient.java:112) ~[eureka-client-2.0.1.jar:2.0.1]
	at com.netflix.discovery.shared.transport.decorator.EurekaHttpClientDecorator.register(EurekaHttpClientDecorator.java:56) ~[eureka-client-2.0.1.jar:2.0.1]
	at com.netflix.discovery.shared.transport.decorator.EurekaHttpClientDecorator$1.execute(EurekaHttpClientDecorator.java:59) ~[eureka-client-2.0.1.jar:2.0.1]
	at com.netflix.discovery.shared.transport.decorator.SessionedEurekaHttpClient.execute(SessionedEurekaHttpClient.java:77) ~[eureka-client-2.0.1.jar:2.0.1]
	at com.netflix.discovery.shared.transport.decorator.EurekaHttpClientDecorator.register(EurekaHttpClientDecorator.java:56) ~[eureka-client-2.0.1.jar:2.0.1]
	at com.netflix.discovery.DiscoveryClient.register(DiscoveryClient.java:820) ~[eureka-client-2.0.1.jar:2.0.1]
	at com.netflix.discovery.InstanceInfoReplicator.run(InstanceInfoReplicator.java:121) ~[eureka-client-2.0.1.jar:2.0.1]
	at com.netflix.discovery.InstanceInfoReplicator$1.run(InstanceInfoReplicator.java:101) ~[eureka-client-2.0.1.jar:2.0.1]
	at java.base/java.util.concurrent.Executors$RunnableAdapter.call(Executors.java:539) ~[na:na]
	at java.base/java.util.concurrent.FutureTask.run(FutureTask.java:264) ~[na:na]
	at java.base/java.util.concurrent.ScheduledThreadPoolExecutor$ScheduledFutureTask.run(ScheduledThreadPoolExecutor.java:304) ~[na:na]
	at java.base/java.util.concurrent.ThreadPoolExecutor.runWorker(ThreadPoolExecutor.java:1136) ~[na:na]
	at java.base/java.util.concurrent.ThreadPoolExecutor$Worker.run(ThreadPoolExecutor.java:635) ~[na:na]
	at java.base/java.lang.Thread.run(Thread.java:833) ~[na:na]

2023-08-09T09:38:48.137+05:30  WARN 5756 --- [nfoReplicator-0] c.n.discovery.InstanceInfoReplicator     : There was a problem with the instance info replicator

com.netflix.discovery.shared.transport.TransportException: Cannot execute request on any known server
	at com.netflix.discovery.shared.transport.decorator.RetryableEurekaHttpClient.execute(RetryableEurekaHttpClient.java:112) ~[eureka-client-2.0.1.jar:2.0.1]
	at com.netflix.discovery.shared.transport.decorator.EurekaHttpClientDecorator.register(EurekaHttpClientDecorator.java:56) ~[eureka-client-2.0.1.jar:2.0.1]
	at com.netflix.discovery.shared.transport.decorator.EurekaHttpClientDecorator$1.execute(EurekaHttpClientDecorator.java:59) ~[eureka-client-2.0.1.jar:2.0.1]
	at com.netflix.discovery.shared.transport.decorator.SessionedEurekaHttpClient.execute(SessionedEurekaHttpClient.java:77) ~[eureka-client-2.0.1.jar:2.0.1]
	at com.netflix.discovery.shared.transport.decorator.EurekaHttpClientDecorator.register(EurekaHttpClientDecorator.java:56) ~[eureka-client-2.0.1.jar:2.0.1]
	at com.netflix.discovery.DiscoveryClient.register(DiscoveryClient.java:820) ~[eureka-client-2.0.1.jar:2.0.1]
	at com.netflix.discovery.InstanceInfoReplicator.run(InstanceInfoReplicator.java:121) ~[eureka-client-2.0.1.jar:2.0.1]
	at com.netflix.discovery.InstanceInfoReplicator$1.run(InstanceInfoReplicator.java:101) ~[eureka-client-2.0.1.jar:2.0.1]
	at java.base/java.util.concurrent.Executors$RunnableAdapter.call(Executors.java:539) ~[na:na]
	at java.base/java.util.concurrent.FutureTask.run(FutureTask.java:264) ~[na:na]
	at java.base/java.util.concurrent.ScheduledThreadPoolExecutor$ScheduledFutureTask.run(ScheduledThreadPoolExecutor.java:304) ~[na:na]
	at java.base/java.util.concurrent.ThreadPoolExecutor.runWorker(ThreadPoolExecutor.java:1136) ~[na:na]
	at java.base/java.util.concurrent.ThreadPoolExecutor$Worker.run(ThreadPoolExecutor.java:635) ~[na:na]
	at java.base/java.lang.Thread.run(Thread.java:833) ~[na:na]

]]></system-out>
  </testcase>
</testsuite>