<?xml version="1.0" encoding="UTF-8"?>
<testsuite xmlns:xsi="http://www.w3.org/2001/XMLSchema-instance" xsi:noNamespaceSchemaLocation="https://maven.apache.org/surefire/maven-surefire-plugin/xsd/surefire-test-report-3.0.xsd" version="3.0" name="com.onehealth.apigateway.OneHealthApiGatewayApplicationTests" time="15.965" tests="1" errors="0" skipped="0" failures="0">
  <properties>
[...]
</properties>
  <testcase name="contextLoads" classname="com.onehealth.apigateway.OneHealthApiGatewayApplicationTests" time="2.569">
    <system-out><![CDATA[
  .   ____          _            __ _ _
 /\\ / ___'_ __ _ _(_)_ __  __ _ \ \ \ \
( ( )\___ | '_ | '_| | '_ \/ _` | \ \ \ \
 \\/  ___)| |_)| | | | | || (_| |  ) ) ) )
  '  |____| .__|_| |_|_| |_\__, | / / / /
 =========|_|==============|___/=/_/_/_/
 :: Spring Boot ::                (v3.1.2)

2023-08-07T15:20:02.799+05:30  INFO 8480 --- [           main] .o.a.OneHealthApiGatewayApplicationTests : Starting OneHealthApiGatewayApplicationTests using Java 17.0.7 with PID 8480 (started by lenovo in E:\Desktop Content\OneHealth_BE\OneHealth-APIGateway)
2023-08-07T15:20:02.810+05:30  INFO 8480 --- [           main] .o.a.OneHealthApiGatewayApplicationTests : No active profile set, falling back to 1 default profile: "default"
2023-08-07T15:20:05.772+05:30  INFO 8480 --- [           main] o.s.cloud.context.scope.GenericScope     : BeanFactory id=96caa10f-60af-378c-aaaa-3379a9eca1dd
2023-08-07T15:20:06.008+05:30  INFO 8480 --- [           main] trationDelegate$BeanPostProcessorChecker : Bean 'org.springframework.cloud.client.loadbalancer.reactive.LoadBalancerBeanPostProcessorAutoConfiguration' of type [org.springframework.cloud.client.loadbalancer.reactive.LoadBalancerBeanPostProcessorAutoConfiguration] is not eligible for getting processed by all BeanPostProcessors (for example: not eligible for auto-proxying)
2023-08-07T15:20:06.010+05:30  INFO 8480 --- [           main] trationDelegate$BeanPostProcessorChecker : Bean 'org.springframework.cloud.client.loadbalancer.reactive.LoadBalancerBeanPostProcessorAutoConfiguration$ReactorDeferringLoadBalancerFilterConfig' of type [org.springframework.cloud.client.loadbalancer.reactive.LoadBalancerBeanPostProcessorAutoConfiguration$ReactorDeferringLoadBalancerFilterConfig] is not eligible for getting processed by all BeanPostProcessors (for example: not eligible for auto-proxying)
2023-08-07T15:20:06.014+05:30  INFO 8480 --- [           main] trationDelegate$BeanPostProcessorChecker : Bean 'reactorDeferringLoadBalancerExchangeFilterFunction' of type [org.springframework.cloud.client.loadbalancer.reactive.DeferringLoadBalancerExchangeFilterFunction] is not eligible for getting processed by all BeanPostProcessors (for example: not eligible for auto-proxying)
2023-08-07T15:20:06.043+05:30  INFO 8480 --- [           main] c.o.apigateway.config.RouteConfig        : 28
2023-08-07T15:20:08.713+05:30  INFO 8480 --- [           main] o.s.c.g.r.RouteDefinitionRouteLocator    : Loaded RoutePredicateFactory [After]
2023-08-07T15:20:08.714+05:30  INFO 8480 --- [           main] o.s.c.g.r.RouteDefinitionRouteLocator    : Loaded RoutePredicateFactory [Before]
2023-08-07T15:20:08.714+05:30  INFO 8480 --- [           main] o.s.c.g.r.RouteDefinitionRouteLocator    : Loaded RoutePredicateFactory [Between]
2023-08-07T15:20:08.714+05:30  INFO 8480 --- [           main] o.s.c.g.r.RouteDefinitionRouteLocator    : Loaded RoutePredicateFactory [Cookie]
2023-08-07T15:20:08.715+05:30  INFO 8480 --- [           main] o.s.c.g.r.RouteDefinitionRouteLocator    : Loaded RoutePredicateFactory [Header]
2023-08-07T15:20:08.715+05:30  INFO 8480 --- [           main] o.s.c.g.r.RouteDefinitionRouteLocator    : Loaded RoutePredicateFactory [Host]
2023-08-07T15:20:08.715+05:30  INFO 8480 --- [           main] o.s.c.g.r.RouteDefinitionRouteLocator    : Loaded RoutePredicateFactory [Method]
2023-08-07T15:20:08.716+05:30  INFO 8480 --- [           main] o.s.c.g.r.RouteDefinitionRouteLocator    : Loaded RoutePredicateFactory [Path]
2023-08-07T15:20:08.716+05:30  INFO 8480 --- [           main] o.s.c.g.r.RouteDefinitionRouteLocator    : Loaded RoutePredicateFactory [Query]
2023-08-07T15:20:08.717+05:30  INFO 8480 --- [           main] o.s.c.g.r.RouteDefinitionRouteLocator    : Loaded RoutePredicateFactory [ReadBody]
2023-08-07T15:20:08.717+05:30  INFO 8480 --- [           main] o.s.c.g.r.RouteDefinitionRouteLocator    : Loaded RoutePredicateFactory [RemoteAddr]
2023-08-07T15:20:08.717+05:30  INFO 8480 --- [           main] o.s.c.g.r.RouteDefinitionRouteLocator    : Loaded RoutePredicateFactory [XForwardedRemoteAddr]
2023-08-07T15:20:08.717+05:30  INFO 8480 --- [           main] o.s.c.g.r.RouteDefinitionRouteLocator    : Loaded RoutePredicateFactory [Weight]
2023-08-07T15:20:08.718+05:30  INFO 8480 --- [           main] o.s.c.g.r.RouteDefinitionRouteLocator    : Loaded RoutePredicateFactory [CloudFoundryRouteService]
2023-08-07T15:20:09.413+05:30  INFO 8480 --- [           main] DiscoveryClientOptionalArgsConfiguration : Eureka HTTP Client uses RestTemplate.
2023-08-07T15:20:10.267+05:30  WARN 8480 --- [           main] iguration$LoadBalancerCaffeineWarnLogger : Spring Cloud LoadBalancer is currently working with the default cache. While this cache implementation is useful for development and tests, it's recommended to use Caffeine cache in production.You can switch to using Caffeine cache, by adding it and org.springframework.cache.caffeine.CaffeineCacheManager to the classpath.
2023-08-07T15:20:10.348+05:30  INFO 8480 --- [           main] o.s.c.n.eureka.InstanceInfoFactory       : Setting initial instance status as: STARTING
2023-08-07T15:20:10.601+05:30  INFO 8480 --- [           main] com.netflix.discovery.DiscoveryClient    : Initializing Eureka in region us-east-1
2023-08-07T15:20:10.617+05:30  INFO 8480 --- [           main] c.n.d.s.r.aws.ConfigClusterResolver      : Resolving eureka endpoints via configuration
2023-08-07T15:20:10.687+05:30  INFO 8480 --- [           main] com.netflix.discovery.DiscoveryClient    : Disable delta property : false
2023-08-07T15:20:10.688+05:30  INFO 8480 --- [           main] com.netflix.discovery.DiscoveryClient    : Single vip registry refresh property : null
2023-08-07T15:20:10.688+05:30  INFO 8480 --- [           main] com.netflix.discovery.DiscoveryClient    : Force full registry fetch : false
2023-08-07T15:20:10.689+05:30  INFO 8480 --- [           main] com.netflix.discovery.DiscoveryClient    : Application is null : false
2023-08-07T15:20:10.689+05:30  INFO 8480 --- [           main] com.netflix.discovery.DiscoveryClient    : Registered Applications size is zero : true
2023-08-07T15:20:10.689+05:30  INFO 8480 --- [           main] com.netflix.discovery.DiscoveryClient    : Application version is -1: true
2023-08-07T15:20:10.689+05:30  INFO 8480 --- [           main] com.netflix.discovery.DiscoveryClient    : Getting all instance registry info from the eureka server
2023-08-07T15:20:13.451+05:30  INFO 8480 --- [           main] com.netflix.discovery.DiscoveryClient    : The response status is 200
2023-08-07T15:20:13.461+05:30  INFO 8480 --- [           main] com.netflix.discovery.DiscoveryClient    : Starting heartbeat executor: renew interval is: 30
2023-08-07T15:20:13.470+05:30  INFO 8480 --- [           main] c.n.discovery.InstanceInfoReplicator     : InstanceInfoReplicator onDemand update allowed rate per min is 4
2023-08-07T15:20:13.487+05:30  INFO 8480 --- [           main] com.netflix.discovery.DiscoveryClient    : Discovery Client initialized at timestamp 1691401813485 with initial instances count: 1
2023-08-07T15:20:13.498+05:30  INFO 8480 --- [           main] o.s.c.n.e.s.EurekaServiceRegistry        : Registering application ONEHEALTHAPIGATEWAY with eureka with status UP
2023-08-07T15:20:13.500+05:30  INFO 8480 --- [           main] com.netflix.discovery.DiscoveryClient    : Saw local status change event StatusChangeEvent [timestamp=1691401813500, current=UP, previous=STARTING]
2023-08-07T15:20:13.511+05:30  INFO 8480 --- [nfoReplicator-0] com.netflix.discovery.DiscoveryClient    : DiscoveryClient_ONEHEALTHAPIGATEWAY/YJB:onehealthapigateway:8080: registering service...
2023-08-07T15:20:13.717+05:30  INFO 8480 --- [           main] .o.a.OneHealthApiGatewayApplicationTests : Started OneHealthApiGatewayApplicationTests in 12.197 seconds (process running for 15.189)
2023-08-07T15:20:14.359+05:30  INFO 8480 --- [nfoReplicator-0] com.netflix.discovery.DiscoveryClient    : DiscoveryClient_ONEHEALTHAPIGATEWAY/YJB:onehealthapigateway:8080 - registration status: 204
]]></system-out>
  </testcase>
</testsuite>