<?xml version="1.0" encoding="UTF-8"?>
<testsuite xmlns:xsi="http://www.w3.org/2001/XMLSchema-instance" xsi:noNamespaceSchemaLocation="https://maven.apache.org/surefire/maven-surefire-plugin/xsd/surefire-test-report-3.0.xsd" version="3.0" name="com.onehealth.configserver.ConfigServerApplicationTests" time="14.575" tests="1" errors="0" skipped="0" failures="0">
  <properties>
[...]
</properties>
  <testcase name="contextLoads" classname="com.onehealth.configserver.ConfigServerApplicationTests" time="1.806">
    <system-out><![CDATA[15:01:17.621 [main] INFO org.springframework.test.context.support.AnnotationConfigContextLoaderUtils -- Could not detect default configuration classes for test class [com.onehealth.configserver.ConfigServerApplicationTests]: ConfigServerApplicationTests does not declare any static, non-private, non-final, nested classes annotated with @Configuration.
15:01:17.903 [main] INFO org.springframework.boot.test.context.SpringBootTestContextBootstrapper -- Found @SpringBootConfiguration com.onehealth.configserver.ConfigServerApplication for test class com.onehealth.configserver.ConfigServerApplicationTests

  .   ____          _            __ _ _
 /\\ / ___'_ __ _ _(_)_ __  __ _ \ \ \ \
( ( )\___ | '_ | '_| | '_ \/ _` | \ \ \ \
 \\/  ___)| |_)| | | | | || (_| |  ) ) ) )
  '  |____| .__|_| |_|_| |_\__, | / / / /
 =========|_|==============|___/=/_/_/_/
 :: Spring Boot ::                (v3.1.2)

2023-08-05T15:01:19.378+05:30  INFO 13020 --- [           main] c.o.c.ConfigServerApplicationTests       : Starting ConfigServerApplicationTests using Java 17.0.7 with PID 13020 (started by lenovo in E:\Desktop Content\OneHealth_BE\ConfigServer)
2023-08-05T15:01:19.383+05:30  INFO 13020 --- [           main] c.o.c.ConfigServerApplicationTests       : No active profile set, falling back to 1 default profile: "default"
2023-08-05T15:01:21.985+05:30  INFO 13020 --- [           main] o.s.cloud.context.scope.GenericScope     : BeanFactory id=3e9db61f-23fd-3c8b-ac8b-a940b6d260df
2023-08-05T15:01:23.985+05:30  INFO 13020 --- [           main] DiscoveryClientOptionalArgsConfiguration : Eureka HTTP Client uses RestTemplate.
2023-08-05T15:01:28.030+05:30  WARN 13020 --- [           main] iguration$LoadBalancerCaffeineWarnLogger : Spring Cloud LoadBalancer is currently working with the default cache. While this cache implementation is useful for development and tests, it's recommended to use Caffeine cache in production.You can switch to using Caffeine cache, by adding it and org.springframework.cache.caffeine.CaffeineCacheManager to the classpath.
2023-08-05T15:01:28.079+05:30  INFO 13020 --- [           main] o.s.c.n.eureka.InstanceInfoFactory       : Setting initial instance status as: STARTING
2023-08-05T15:01:28.273+05:30  INFO 13020 --- [           main] com.netflix.discovery.DiscoveryClient    : Initializing Eureka in region us-east-1
2023-08-05T15:01:28.284+05:30  INFO 13020 --- [           main] c.n.d.s.r.aws.ConfigClusterResolver      : Resolving eureka endpoints via configuration
2023-08-05T15:01:28.339+05:30  INFO 13020 --- [           main] com.netflix.discovery.DiscoveryClient    : Disable delta property : false
2023-08-05T15:01:28.340+05:30  INFO 13020 --- [           main] com.netflix.discovery.DiscoveryClient    : Single vip registry refresh property : null
2023-08-05T15:01:28.341+05:30  INFO 13020 --- [           main] com.netflix.discovery.DiscoveryClient    : Force full registry fetch : false
2023-08-05T15:01:28.341+05:30  INFO 13020 --- [           main] com.netflix.discovery.DiscoveryClient    : Application is null : false
2023-08-05T15:01:28.342+05:30  INFO 13020 --- [           main] com.netflix.discovery.DiscoveryClient    : Registered Applications size is zero : true
2023-08-05T15:01:28.343+05:30  INFO 13020 --- [           main] com.netflix.discovery.DiscoveryClient    : Application version is -1: true
2023-08-05T15:01:28.343+05:30  INFO 13020 --- [           main] com.netflix.discovery.DiscoveryClient    : Getting all instance registry info from the eureka server
2023-08-05T15:01:29.821+05:30  INFO 13020 --- [           main] com.netflix.discovery.DiscoveryClient    : The response status is 200
2023-08-05T15:01:29.826+05:30  INFO 13020 --- [           main] com.netflix.discovery.DiscoveryClient    : Starting heartbeat executor: renew interval is: 30
2023-08-05T15:01:29.830+05:30  INFO 13020 --- [           main] c.n.discovery.InstanceInfoReplicator     : InstanceInfoReplicator onDemand update allowed rate per min is 4
2023-08-05T15:01:29.842+05:30  INFO 13020 --- [           main] com.netflix.discovery.DiscoveryClient    : Discovery Client initialized at timestamp 1691227889840 with initial instances count: 1
2023-08-05T15:01:29.846+05:30  INFO 13020 --- [           main] o.s.c.n.e.s.EurekaServiceRegistry        : Registering application ONEHEALTH-CONFIGSERVER with eureka with status UP
2023-08-05T15:01:29.847+05:30  INFO 13020 --- [           main] com.netflix.discovery.DiscoveryClient    : Saw local status change event StatusChangeEvent [timestamp=1691227889847, current=UP, previous=STARTING]
2023-08-05T15:01:29.851+05:30  INFO 13020 --- [nfoReplicator-0] com.netflix.discovery.DiscoveryClient    : DiscoveryClient_ONEHEALTH-CONFIGSERVER/YJB:OneHealth-ConfigServer:8888: registering service...
2023-08-05T15:01:29.915+05:30  INFO 13020 --- [           main] c.o.c.ConfigServerApplicationTests       : Started ConfigServerApplicationTests in 11.597 seconds (process running for 14.197)
2023-08-05T15:01:31.519+05:30  INFO 13020 --- [nfoReplicator-0] com.netflix.discovery.DiscoveryClient    : DiscoveryClient_ONEHEALTH-CONFIGSERVER/YJB:OneHealth-ConfigServer:8888 - registration status: 204
]]></system-out>
  </testcase>
</testsuite>