<?xml version="1.0" encoding="UTF-8"?>
<testsuite xmlns:xsi="http://www.w3.org/2001/XMLSchema-instance" xsi:noNamespaceSchemaLocation="https://maven.apache.org/surefire/maven-surefire-plugin/xsd/surefire-test-report-3.0.xsd" version="3.0" name="com.onehealth.lifestyleandhistory.OneHealthLifeStyleAndHistoryApplicationTests" time="5.355" tests="1" errors="0" skipped="0" failures="0">
  <properties>
[...]
</properties>
  <testcase name="contextLoads" classname="com.onehealth.lifestyleandhistory.OneHealthLifeStyleAndHistoryApplicationTests" time="2.49">
    <system-out><![CDATA[
  .   ____          _            __ _ _
 /\\ / ___'_ __ _ _(_)_ __  __ _ \ \ \ \
( ( )\___ | '_ | '_| | '_ \/ _` | \ \ \ \
 \\/  ___)| |_)| | | | | || (_| |  ) ) ) )
  '  |____| .__|_| |_|_| |_\__, | / / / /
 =========|_|==============|___/=/_/_/_/
 :: Spring Boot ::                (v3.1.2)

2023-08-07T16:26:13.959+05:30  INFO 10980 --- [           main] ealthLifeStyleAndHistoryApplicationTests : Starting OneHealthLifeStyleAndHistoryApplicationTests using Java 17.0.7 with PID 10980 (started by lenovo in E:\Desktop Content\OneHealth_BE\OneHealth-LifestyleandMedicalHistory)
2023-08-07T16:26:13.968+05:30  INFO 10980 --- [           main] ealthLifeStyleAndHistoryApplicationTests : No active profile set, falling back to 1 default profile: "default"
2023-08-07T16:26:14.474+05:30  INFO 10980 --- [           main] ealthLifeStyleAndHistoryApplicationTests : Started OneHealthLifeStyleAndHistoryApplicationTests in 1.815 seconds (process running for 4.719)
]]></system-out>
  </testcase>
</testsuite>